[0.063s] DEBUG:colcon:Command line arguments: ['/usr/bin/colcon', 'build']
[0.063s] DEBUG:colcon:Parsed command line arguments: Namespace(log_base=None, log_level=None, verb_name='build', build_base='build', install_base='install', merge_install=False, symlink_install=False, test_result_base=None, continue_on_error=False, executor='parallel', parallel_workers=10, event_handlers=None, ignore_user_meta=False, metas=['./colcon.meta'], base_paths=['.'], packages_ignore=None, packages_ignore_regex=None, paths=None, packages_up_to=None, packages_up_to_regex=None, packages_above=None, packages_above_and_dependencies=None, packages_above_depth=None, packages_select_by_dep=None, packages_skip_by_dep=None, packages_skip_up_to=None, packages_select_build_failed=False, packages_skip_build_finished=False, packages_select_test_failures=False, packages_skip_test_passed=False, packages_select=None, packages_skip=None, packages_select_regex=None, packages_skip_regex=None, packages_start=None, packages_end=None, allow_overriding=[], cmake_args=None, cmake_target=None, cmake_target_skip_unavailable=False, cmake_clean_cache=False, cmake_clean_first=False, cmake_force_configure=False, ament_cmake_args=None, catkin_cmake_args=None, catkin_skip_building_tests=False, verb_parser=<colcon_defaults.argument_parser.defaults.DefaultArgumentsDecorator object at 0xe516b52cc4a0>, verb_extension=<colcon_core.verb.build.BuildVerb object at 0xe516b52cc1a0>, main=<bound method BuildVerb.main of <colcon_core.verb.build.BuildVerb object at 0xe516b52cc1a0>>)
[0.094s] Level 1:colcon.colcon_core.package_discovery:discover_packages(colcon_meta) check parameters
[0.094s] Level 1:colcon.colcon_core.package_discovery:discover_packages(recursive) check parameters
[0.094s] Level 1:colcon.colcon_core.package_discovery:discover_packages(ignore) check parameters
[0.094s] Level 1:colcon.colcon_core.package_discovery:discover_packages(path) check parameters
[0.095s] Level 1:colcon.colcon_core.package_discovery:discover_packages(colcon_meta) discover
[0.095s] Level 1:colcon.colcon_core.package_discovery:discover_packages(recursive) discover
[0.095s] INFO:colcon.colcon_core.package_discovery:Crawling recursively for packages in '/home/ubuntu/ASDfR/cam2image_vm2ros'
[0.102s] Level 1:colcon.colcon_core.package_identification:_identify(.) by extensions ['ignore', 'ignore_ament_install']
[0.102s] Level 1:colcon.colcon_core.package_identification:_identify(.) by extension 'ignore'
[0.103s] Level 1:colcon.colcon_core.package_identification:_identify(.) by extension 'ignore_ament_install'
[0.104s] Level 1:colcon.colcon_core.package_identification:_identify(.) by extensions ['colcon_pkg']
[0.104s] Level 1:colcon.colcon_core.package_identification:_identify(.) by extension 'colcon_pkg'
[0.105s] Level 1:colcon.colcon_core.package_identification:_identify(.) by extensions ['colcon_meta']
[0.105s] Level 1:colcon.colcon_core.package_identification:_identify(.) by extension 'colcon_meta'
[0.105s] Level 1:colcon.colcon_core.package_identification:_identify(.) by extensions ['ros']
[0.105s] Level 1:colcon.colcon_core.package_identification:_identify(.) by extension 'ros'
[0.121s] DEBUG:colcon.colcon_core.package_identification:Package '.' with type 'ros.ament_cmake' and name 'cam2image_vm2ros'
[0.121s] Level 1:colcon.colcon_core.package_discovery:discover_packages(recursive) using defaults
[0.121s] Level 1:colcon.colcon_core.package_discovery:discover_packages(ignore) discover
[0.121s] Level 1:colcon.colcon_core.package_discovery:discover_packages(ignore) using defaults
[0.122s] Level 1:colcon.colcon_core.package_discovery:discover_packages(path) discover
[0.122s] Level 1:colcon.colcon_core.package_discovery:discover_packages(path) using defaults
[0.131s] Level 1:colcon.colcon_core.package_discovery:discover_packages(prefix_path) check parameters
[0.131s] Level 1:colcon.colcon_core.package_discovery:discover_packages(prefix_path) discover
[0.132s] DEBUG:colcon.colcon_installed_package_information.package_discovery:Found 337 installed packages in /opt/ros/jazzy
[0.133s] Level 1:colcon.colcon_core.package_discovery:discover_packages(prefix_path) using defaults
[0.154s] Level 5:colcon.colcon_core.verb:set package 'cam2image_vm2ros' build argument 'cmake_args' from command line to 'None'
[0.154s] Level 5:colcon.colcon_core.verb:set package 'cam2image_vm2ros' build argument 'cmake_target' from command line to 'None'
[0.154s] Level 5:colcon.colcon_core.verb:set package 'cam2image_vm2ros' build argument 'cmake_target_skip_unavailable' from command line to 'False'
[0.154s] Level 5:colcon.colcon_core.verb:set package 'cam2image_vm2ros' build argument 'cmake_clean_cache' from command line to 'False'
[0.155s] Level 5:colcon.colcon_core.verb:set package 'cam2image_vm2ros' build argument 'cmake_clean_first' from command line to 'False'
[0.155s] Level 5:colcon.colcon_core.verb:set package 'cam2image_vm2ros' build argument 'cmake_force_configure' from command line to 'False'
[0.155s] Level 5:colcon.colcon_core.verb:set package 'cam2image_vm2ros' build argument 'ament_cmake_args' from command line to 'None'
[0.155s] Level 5:colcon.colcon_core.verb:set package 'cam2image_vm2ros' build argument 'catkin_cmake_args' from command line to 'None'
[0.155s] Level 5:colcon.colcon_core.verb:set package 'cam2image_vm2ros' build argument 'catkin_skip_building_tests' from command line to 'False'
[0.155s] DEBUG:colcon.colcon_core.verb:Building package 'cam2image_vm2ros' with the following arguments: {'ament_cmake_args': None, 'build_base': '/home/ubuntu/ASDfR/cam2image_vm2ros/build/cam2image_vm2ros', 'catkin_cmake_args': None, 'catkin_skip_building_tests': False, 'cmake_args': None, 'cmake_clean_cache': False, 'cmake_clean_first': False, 'cmake_force_configure': False, 'cmake_target': None, 'cmake_target_skip_unavailable': False, 'install_base': '/home/ubuntu/ASDfR/cam2image_vm2ros/install/cam2image_vm2ros', 'merge_install': False, 'path': '/home/ubuntu/ASDfR/cam2image_vm2ros', 'symlink_install': False, 'test_result_base': None}
[0.156s] INFO:colcon.colcon_core.executor:Executing jobs using 'parallel' executor
[0.157s] DEBUG:colcon.colcon_parallel_executor.executor.parallel:run_until_complete
[0.157s] INFO:colcon.colcon_ros.task.ament_cmake.build:Building ROS package in '/home/ubuntu/ASDfR/cam2image_vm2ros' with build type 'ament_cmake'
[0.157s] INFO:colcon.colcon_cmake.task.cmake.build:Building CMake package in '/home/ubuntu/ASDfR/cam2image_vm2ros'
[0.158s] INFO:colcon.colcon_core.plugin_system:Skipping extension 'colcon_core.shell.bat': Not used on non-Windows systems
[0.158s] INFO:colcon.colcon_core.shell:Skip shell extension 'powershell' for command environment: Not usable outside of PowerShell
[0.158s] DEBUG:colcon.colcon_core.shell:Skip shell extension 'dsv' for command environment
[0.202s] DEBUG:colcon.colcon_core.event_handler.log_command:Invoking command in '/home/ubuntu/ASDfR/cam2image_vm2ros/build/cam2image_vm2ros': CMAKE_PREFIX_PATH=${CMAKE_PREFIX_PATH}:/opt/ros/jazzy /usr/bin/cmake /home/ubuntu/ASDfR/cam2image_vm2ros -DCMAKE_INSTALL_PREFIX=/home/ubuntu/ASDfR/cam2image_vm2ros/install/cam2image_vm2ros
[3.535s] DEBUG:colcon.colcon_core.event_handler.log_command:Invoked command in '/home/ubuntu/ASDfR/cam2image_vm2ros/build/cam2image_vm2ros' returned '0': CMAKE_PREFIX_PATH=${CMAKE_PREFIX_PATH}:/opt/ros/jazzy /usr/bin/cmake /home/ubuntu/ASDfR/cam2image_vm2ros -DCMAKE_INSTALL_PREFIX=/home/ubuntu/ASDfR/cam2image_vm2ros/install/cam2image_vm2ros
[3.541s] DEBUG:colcon.colcon_core.event_handler.log_command:Invoking command in '/home/ubuntu/ASDfR/cam2image_vm2ros/build/cam2image_vm2ros': CMAKE_PREFIX_PATH=${CMAKE_PREFIX_PATH}:/opt/ros/jazzy /usr/bin/cmake --build /home/ubuntu/ASDfR/cam2image_vm2ros/build/cam2image_vm2ros -- -j10 -l10
[12.657s] DEBUG:colcon.colcon_core.event_handler.log_command:Invoked command in '/home/ubuntu/ASDfR/cam2image_vm2ros/build/cam2image_vm2ros' returned '0': CMAKE_PREFIX_PATH=${CMAKE_PREFIX_PATH}:/opt/ros/jazzy /usr/bin/cmake --build /home/ubuntu/ASDfR/cam2image_vm2ros/build/cam2image_vm2ros -- -j10 -l10
[12.675s] DEBUG:colcon.colcon_core.event_handler.log_command:Invoking command in '/home/ubuntu/ASDfR/cam2image_vm2ros/build/cam2image_vm2ros': CMAKE_PREFIX_PATH=${CMAKE_PREFIX_PATH}:/opt/ros/jazzy /usr/bin/cmake --install /home/ubuntu/ASDfR/cam2image_vm2ros/build/cam2image_vm2ros
[13.211s] Level 1:colcon.colcon_core.environment:create_environment_scripts_only(cam2image_vm2ros)
[13.212s] DEBUG:colcon.colcon_core.event_handler.log_command:Invoked command in '/home/ubuntu/ASDfR/cam2image_vm2ros/build/cam2image_vm2ros' returned '0': CMAKE_PREFIX_PATH=${CMAKE_PREFIX_PATH}:/opt/ros/jazzy /usr/bin/cmake --install /home/ubuntu/ASDfR/cam2image_vm2ros/build/cam2image_vm2ros
[13.214s] Level 1:colcon.colcon_core.environment:checking '/home/ubuntu/ASDfR/cam2image_vm2ros/install/cam2image_vm2ros' for CMake module files
[13.232s] Level 1:colcon.colcon_core.environment:checking '/home/ubuntu/ASDfR/cam2image_vm2ros/install/cam2image_vm2ros' for CMake config files
[13.245s] Level 1:colcon.colcon_core.shell:create_environment_hook('cam2image_vm2ros', 'cmake_prefix_path')
[13.245s] INFO:colcon.colcon_core.shell:Creating environment hook '/home/ubuntu/ASDfR/cam2image_vm2ros/install/cam2image_vm2ros/share/cam2image_vm2ros/hook/cmake_prefix_path.ps1'
[13.248s] INFO:colcon.colcon_core.shell:Creating environment descriptor '/home/ubuntu/ASDfR/cam2image_vm2ros/install/cam2image_vm2ros/share/cam2image_vm2ros/hook/cmake_prefix_path.dsv'
[13.251s] INFO:colcon.colcon_core.shell:Creating environment hook '/home/ubuntu/ASDfR/cam2image_vm2ros/install/cam2image_vm2ros/share/cam2image_vm2ros/hook/cmake_prefix_path.sh'
[13.255s] Level 1:colcon.colcon_core.environment:checking '/home/ubuntu/ASDfR/cam2image_vm2ros/install/cam2image_vm2ros/lib'
[13.257s] Level 1:colcon.colcon_core.shell:create_environment_hook('cam2image_vm2ros', 'ld_library_path_lib')
[13.257s] INFO:colcon.colcon_core.shell:Creating environment hook '/home/ubuntu/ASDfR/cam2image_vm2ros/install/cam2image_vm2ros/share/cam2image_vm2ros/hook/ld_library_path_lib.ps1'
[13.260s] INFO:colcon.colcon_core.shell:Creating environment descriptor '/home/ubuntu/ASDfR/cam2image_vm2ros/install/cam2image_vm2ros/share/cam2image_vm2ros/hook/ld_library_path_lib.dsv'
[13.262s] INFO:colcon.colcon_core.shell:Creating environment hook '/home/ubuntu/ASDfR/cam2image_vm2ros/install/cam2image_vm2ros/share/cam2image_vm2ros/hook/ld_library_path_lib.sh'
[13.265s] Level 1:colcon.colcon_core.environment:checking '/home/ubuntu/ASDfR/cam2image_vm2ros/install/cam2image_vm2ros/bin'
[13.266s] Level 1:colcon.colcon_core.environment:checking '/home/ubuntu/ASDfR/cam2image_vm2ros/install/cam2image_vm2ros/lib/pkgconfig/cam2image_vm2ros.pc'
[13.267s] Level 1:colcon.colcon_core.environment:checking '/home/ubuntu/ASDfR/cam2image_vm2ros/install/cam2image_vm2ros/lib/python3.12/site-packages'
[13.267s] Level 1:colcon.colcon_core.environment:checking '/home/ubuntu/ASDfR/cam2image_vm2ros/install/cam2image_vm2ros/bin'
[13.268s] INFO:colcon.colcon_core.shell:Creating package script '/home/ubuntu/ASDfR/cam2image_vm2ros/install/cam2image_vm2ros/share/cam2image_vm2ros/package.ps1'
[13.271s] INFO:colcon.colcon_core.shell:Creating package descriptor '/home/ubuntu/ASDfR/cam2image_vm2ros/install/cam2image_vm2ros/share/cam2image_vm2ros/package.dsv'
[13.273s] INFO:colcon.colcon_core.shell:Creating package script '/home/ubuntu/ASDfR/cam2image_vm2ros/install/cam2image_vm2ros/share/cam2image_vm2ros/package.sh'
[13.275s] INFO:colcon.colcon_core.shell:Creating package script '/home/ubuntu/ASDfR/cam2image_vm2ros/install/cam2image_vm2ros/share/cam2image_vm2ros/package.bash'
[13.278s] INFO:colcon.colcon_core.shell:Creating package script '/home/ubuntu/ASDfR/cam2image_vm2ros/install/cam2image_vm2ros/share/cam2image_vm2ros/package.zsh'
[13.280s] Level 1:colcon.colcon_core.environment:create_file_with_runtime_dependencies(/home/ubuntu/ASDfR/cam2image_vm2ros/install/cam2image_vm2ros/share/colcon-core/packages/cam2image_vm2ros)
[13.291s] Level 1:colcon.colcon_core.environment:create_environment_scripts_only(cam2image_vm2ros)
[13.291s] Level 1:colcon.colcon_core.environment:checking '/home/ubuntu/ASDfR/cam2image_vm2ros/install/cam2image_vm2ros' for CMake module files
[13.306s] Level 1:colcon.colcon_core.environment:checking '/home/ubuntu/ASDfR/cam2image_vm2ros/install/cam2image_vm2ros' for CMake config files
[13.319s] Level 1:colcon.colcon_core.shell:create_environment_hook('cam2image_vm2ros', 'cmake_prefix_path')
[13.319s] INFO:colcon.colcon_core.shell:Creating environment hook '/home/ubuntu/ASDfR/cam2image_vm2ros/install/cam2image_vm2ros/share/cam2image_vm2ros/hook/cmake_prefix_path.ps1'
[13.321s] INFO:colcon.colcon_core.shell:Creating environment descriptor '/home/ubuntu/ASDfR/cam2image_vm2ros/install/cam2image_vm2ros/share/cam2image_vm2ros/hook/cmake_prefix_path.dsv'
[13.323s] INFO:colcon.colcon_core.shell:Creating environment hook '/home/ubuntu/ASDfR/cam2image_vm2ros/install/cam2image_vm2ros/share/cam2image_vm2ros/hook/cmake_prefix_path.sh'
[13.326s] Level 1:colcon.colcon_core.environment:checking '/home/ubuntu/ASDfR/cam2image_vm2ros/install/cam2image_vm2ros/lib'
[13.327s] Level 1:colcon.colcon_core.shell:create_environment_hook('cam2image_vm2ros', 'ld_library_path_lib')
[13.328s] INFO:colcon.colcon_core.shell:Creating environment hook '/home/ubuntu/ASDfR/cam2image_vm2ros/install/cam2image_vm2ros/share/cam2image_vm2ros/hook/ld_library_path_lib.ps1'
[13.330s] INFO:colcon.colcon_core.shell:Creating environment descriptor '/home/ubuntu/ASDfR/cam2image_vm2ros/install/cam2image_vm2ros/share/cam2image_vm2ros/hook/ld_library_path_lib.dsv'
[13.332s] INFO:colcon.colcon_core.shell:Creating environment hook '/home/ubuntu/ASDfR/cam2image_vm2ros/install/cam2image_vm2ros/share/cam2image_vm2ros/hook/ld_library_path_lib.sh'
[13.334s] Level 1:colcon.colcon_core.environment:checking '/home/ubuntu/ASDfR/cam2image_vm2ros/install/cam2image_vm2ros/bin'
[13.335s] Level 1:colcon.colcon_core.environment:checking '/home/ubuntu/ASDfR/cam2image_vm2ros/install/cam2image_vm2ros/lib/pkgconfig/cam2image_vm2ros.pc'
[13.335s] Level 1:colcon.colcon_core.environment:checking '/home/ubuntu/ASDfR/cam2image_vm2ros/install/cam2image_vm2ros/lib/python3.12/site-packages'
[13.336s] Level 1:colcon.colcon_core.environment:checking '/home/ubuntu/ASDfR/cam2image_vm2ros/install/cam2image_vm2ros/bin'
[13.336s] INFO:colcon.colcon_core.shell:Creating package script '/home/ubuntu/ASDfR/cam2image_vm2ros/install/cam2image_vm2ros/share/cam2image_vm2ros/package.ps1'
[13.339s] INFO:colcon.colcon_core.shell:Creating package descriptor '/home/ubuntu/ASDfR/cam2image_vm2ros/install/cam2image_vm2ros/share/cam2image_vm2ros/package.dsv'
[13.342s] INFO:colcon.colcon_core.shell:Creating package script '/home/ubuntu/ASDfR/cam2image_vm2ros/install/cam2image_vm2ros/share/cam2image_vm2ros/package.sh'
[13.344s] INFO:colcon.colcon_core.shell:Creating package script '/home/ubuntu/ASDfR/cam2image_vm2ros/install/cam2image_vm2ros/share/cam2image_vm2ros/package.bash'
[13.347s] INFO:colcon.colcon_core.shell:Creating package script '/home/ubuntu/ASDfR/cam2image_vm2ros/install/cam2image_vm2ros/share/cam2image_vm2ros/package.zsh'
[13.348s] Level 1:colcon.colcon_core.environment:create_file_with_runtime_dependencies(/home/ubuntu/ASDfR/cam2image_vm2ros/install/cam2image_vm2ros/share/colcon-core/packages/cam2image_vm2ros)
[13.350s] DEBUG:colcon.colcon_parallel_executor.executor.parallel:closing loop
[13.351s] DEBUG:colcon.colcon_parallel_executor.executor.parallel:loop closed
[13.351s] DEBUG:colcon.colcon_parallel_executor.executor.parallel:run_until_complete finished with '0'
[13.351s] DEBUG:colcon.colcon_core.event_reactor:joining thread
[13.360s] INFO:colcon.colcon_core.plugin_system:Skipping extension 'colcon_notification.desktop_notification.notify_send': Could not find 'notify-send'
[13.361s] INFO:colcon.colcon_core.plugin_system:Skipping extension 'colcon_notification.desktop_notification.terminal_notifier': Not used on non-Darwin systems
[13.361s] INFO:colcon.colcon_core.plugin_system:Skipping extension 'colcon_notification.desktop_notification.win32': Not used on non-Windows systems
[13.361s] INFO:colcon.colcon_notification.desktop_notification:Sending desktop notification using 'notify2'
[13.362s] DEBUG:colcon.colcon_notification.desktop_notification.notify2:Failed to initialize notify2: org.freedesktop.DBus.Error.ServiceUnknown: The name org.freedesktop.Notifications was not provided by any .service files
[13.363s] DEBUG:colcon.colcon_core.event_reactor:joined thread
[13.363s] INFO:colcon.colcon_core.shell:Creating prefix script '/home/ubuntu/ASDfR/cam2image_vm2ros/install/local_setup.ps1'
[13.366s] INFO:colcon.colcon_core.shell:Creating prefix util module '/home/ubuntu/ASDfR/cam2image_vm2ros/install/_local_setup_util_ps1.py'
[13.369s] INFO:colcon.colcon_core.shell:Creating prefix chain script '/home/ubuntu/ASDfR/cam2image_vm2ros/install/setup.ps1'
[13.372s] INFO:colcon.colcon_core.shell:Creating prefix script '/home/ubuntu/ASDfR/cam2image_vm2ros/install/local_setup.sh'
[13.375s] INFO:colcon.colcon_core.shell:Creating prefix util module '/home/ubuntu/ASDfR/cam2image_vm2ros/install/_local_setup_util_sh.py'
[13.378s] INFO:colcon.colcon_core.shell:Creating prefix chain script '/home/ubuntu/ASDfR/cam2image_vm2ros/install/setup.sh'
[13.381s] INFO:colcon.colcon_core.shell:Creating prefix script '/home/ubuntu/ASDfR/cam2image_vm2ros/install/local_setup.bash'
[13.384s] INFO:colcon.colcon_core.shell:Creating prefix chain script '/home/ubuntu/ASDfR/cam2image_vm2ros/install/setup.bash'
[13.387s] INFO:colcon.colcon_core.shell:Creating prefix script '/home/ubuntu/ASDfR/cam2image_vm2ros/install/local_setup.zsh'
[13.390s] INFO:colcon.colcon_core.shell:Creating prefix chain script '/home/ubuntu/ASDfR/cam2image_vm2ros/install/setup.zsh'
